<?xml version="1.0" encoding="UTF-8"?>
<testng-results ignored="0" total="1" passed="1" failed="0" skipped="0">
  <reporter-output>
  </reporter-output>
  <suite started-at="2025-08-11T18:23:38 IST" name="Surefire suite" finished-at="2025-08-11T18:23:56 IST" duration-ms="17121">
    <groups>
    </groups>
    <test started-at="2025-08-11T18:23:38 IST" name="Surefire test" finished-at="2025-08-11T18:23:56 IST" duration-ms="17121">
      <class name="com.example.tests.LoginTest">
        <test-method is-config="true" signature="setup()[pri:0, instance:com.example.tests.LoginTest@5cee5251]" started-at="2025-08-11T18:23:38 IST" name="setup" finished-at="2025-08-11T18:23:48 IST" duration-ms="9823" status="PASS">
          <reporter-output>
          </reporter-output>
        </test-method> <!-- setup -->
        <test-method signature="logintestExcelRead()[pri:0, instance:com.example.tests.LoginTest@5cee5251]" started-at="2025-08-11T18:23:48 IST" name="logintestExcelRead" finished-at="2025-08-11T18:23:55 IST" duration-ms="6513" status="PASS">
          <reporter-output>
          </reporter-output>
        </test-method> <!-- logintestExcelRead -->
        <test-method is-config="true" signature="tear()[pri:0, instance:com.example.tests.LoginTest@5cee5251]" started-at="2025-08-11T18:23:55 IST" name="tear" finished-at="2025-08-11T18:23:56 IST" duration-ms="750" status="PASS">
          <reporter-output>
          </reporter-output>
        </test-method> <!-- tear -->
      </class> <!-- com.example.tests.LoginTest -->
    </test> <!-- Surefire test -->
  </suite> <!-- Surefire suite -->
</testng-results>
